[debug] [2022-06-14T15:37:00.997Z] ----------------------------------------------------------------------
[debug] [2022-06-14T15:37:00.998Z] Command:       C:\Program Files\nodejs\node.exe C:\Users\Marco\AppData\Roaming\npm\node_modules\firebase-tools\lib\bin\firebase.js init
[debug] [2022-06-14T15:37:00.999Z] CLI Version:   11.1.0
[debug] [2022-06-14T15:37:00.999Z] Platform:      win32
[debug] [2022-06-14T15:37:00.999Z] Node Version:  v16.15.0
[debug] [2022-06-14T15:37:01.000Z] Time:          Tue Jun 14 2022 17:37:00 GMT+0200 (Ora legale dell’Europa centrale)
[debug] [2022-06-14T15:37:01.000Z] ----------------------------------------------------------------------
[debug] 
[debug] [2022-06-14T15:37:01.005Z] > command requires scopes: ["email","openid","https://www.googleapis.com/auth/cloudplatformprojects.readonly","https://www.googleapis.com/auth/firebase","https://www.googleapis.com/auth/cloud-platform"]
[debug] [2022-06-14T15:37:01.005Z] > authorizing via signed-in user (datemindr@gmail.com)
[info] 
     ######## #### ########  ######## ########     ###     ######  ########
     ##        ##  ##     ## ##       ##     ##  ##   ##  ##       ##
     ######    ##  ########  ######   ########  #########  ######  ######
     ##        ##  ##    ##  ##       ##     ## ##     ##       ## ##
     ##       #### ##     ## ######## ########  ##     ##  ######  ########

You're about to initialize a Firebase project in this directory:

  D:\_workspace\14\ng-datemindr

[info] 
=== Project Setup
[info] 
[info] First, let's associate this project directory with a Firebase project.
[info] You can create multiple project aliases by running firebase use --add, 
[info] but for now we'll just set up a default project.
[info] 
[debug] [2022-06-14T15:37:10.691Z] >>> [apiv2][query] GET https://firebase.googleapis.com/v1beta1/projects pageSize=100
[debug] [2022-06-14T15:37:11.159Z] <<< [apiv2][status] GET https://firebase.googleapis.com/v1beta1/projects 200
[debug] [2022-06-14T15:37:11.159Z] <<< [apiv2][body] GET https://firebase.googleapis.com/v1beta1/projects [omitted]
[info] i  Using project ng-datemindr (ng-datemindr) 
[info] 
=== Hosting Setup
[info] 
[info] Your public directory is the folder (relative to your project directory) that
[info] will contain Hosting assets to be uploaded with firebase deploy. If you
[info] have a build process for your assets, use your build's output directory.
[info] 
[debug] [2022-06-14T15:37:42.673Z] >>> [apiv2][query] GET https://www.gstatic.com/firebasejs/releases.json [none]
[debug] [2022-06-14T15:37:42.814Z] <<< [apiv2][status] GET https://www.gstatic.com/firebasejs/releases.json 200
[debug] [2022-06-14T15:37:42.814Z] <<< [apiv2][body] GET https://www.gstatic.com/firebasejs/releases.json {"current":{"version":"9.8.3","browserURL":"https://www.gstatic.com/firebasejs/9.8.3/firebase.js","packageURL":"https://www.gstatic.com/firebasejs/9.8.3/firebase.tgz"},"live":{"version":"9.8","browserURL":"https://www.gstatic.com/firebasejs/live/9.8/firebase.js","packageURL":"https://www.gstatic.com/firebasejs/live/9.8/firebase.tgz"},"components":{"analytics":"https://www.gstatic.com/firebasejs/9.8.3/firebase-analytics.js","app":"https://www.gstatic.com/firebasejs/9.8.3/firebase-app.js","app-check":"https://www.gstatic.com/firebasejs/9.8.3/firebase-app-check.js","auth":"https://www.gstatic.com/firebasejs/9.8.3/firebase-auth.js","auth/cordova":"https://www.gstatic.com/firebasejs/9.8.3/firebase-auth/cordova.js","auth/react-native":"https://www.gstatic.com/firebasejs/9.8.3/firebase-auth/react-native.js","functions":"https://www.gstatic.com/firebasejs/9.8.3/firebase-functions.js","firestore":"https://www.gstatic.com/firebasejs/9.8.3/firebase-firestore.js","firestore/lite":"https://www.gstatic.com/firebasejs/9.8.3/firebase-firestore/lite.js","storage":"https://www.gstatic.com/firebasejs/9.8.3/firebase-storage.js","performance":"https://www.gstatic.com/firebasejs/9.8.3/firebase-performance.js","remote-config":"https://www.gstatic.com/firebasejs/9.8.3/firebase-remote-config.js","messaging":"https://www.gstatic.com/firebasejs/9.8.3/firebase-messaging.js","messaging/sw":"https://www.gstatic.com/firebasejs/9.8.3/firebase-messaging/sw.js","database":"https://www.gstatic.com/firebasejs/9.8.3/firebase-database.js","firestore.memory":"https://www.gstatic.com/firebasejs/9.8.3/firebase-firestore.memory.js"}}
[info] +  Wrote public/index.html 
[info] 
[info] i  Didn't detect a .git folder. Assuming D:\_workspace\14\ng-datemindr is the project root. 
[info] i  Authorizing with GitHub to upload your service account to a GitHub repository's secrets store. 
[info] 
[info] Visit this URL on this device to log in:
[info] https://github.com/login/oauth/authorize?client_id=89cf50f02ac6aaed3484&state=767036352&redirect_uri=http%3A%2F%2Flocalhost%3A9005&scope=read%3Auser%20repo%20public_repo
[info] 
[info] Waiting for authentication...
[debug] [2022-06-14T15:38:04.062Z] >>> [apiv2][query] POST https://github.com/login/oauth/access_token [none]
[debug] [2022-06-14T15:38:04.063Z] >>> [apiv2][body] POST https://github.com/login/oauth/access_token [stream]
[debug] [2022-06-14T15:38:04.424Z] <<< [apiv2][status] POST https://github.com/login/oauth/access_token 200
[debug] [2022-06-14T15:38:04.425Z] <<< [apiv2][body] POST https://github.com/login/oauth/access_token {"access_token":"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","token_type":"bearer","scope":"read:user,repo"}
[debug] [2022-06-14T15:38:04.429Z] >>> [apiv2][query] GET https://api.github.com/user [none]
[debug] [2022-06-14T15:38:04.764Z] <<< [apiv2][status] GET https://api.github.com/user 200
[debug] [2022-06-14T15:38:04.764Z] <<< [apiv2][body] GET https://api.github.com/user {"login":"m-polverini","id":58179435,"node_id":"MDQ6VXNlcjU4MTc5NDM1","avatar_url":"https://avatars.githubusercontent.com/u/58179435?v=4","gravatar_id":"","url":"https://api.github.com/users/m-polverini","html_url":"https://github.com/m-polverini","followers_url":"https://api.github.com/users/m-polverini/followers","following_url":"https://api.github.com/users/m-polverini/following{/other_user}","gists_url":"https://api.github.com/users/m-polverini/gists{/gist_id}","starred_url":"https://api.github.com/users/m-polverini/starred{/owner}{/repo}","subscriptions_url":"https://api.github.com/users/m-polverini/subscriptions","organizations_url":"https://api.github.com/users/m-polverini/orgs","repos_url":"https://api.github.com/users/m-polverini/repos","events_url":"https://api.github.com/users/m-polverini/events{/privacy}","received_events_url":"https://api.github.com/users/m-polverini/received_events","type":"User","site_admin":false,"name":"M.Polverini","company":null,"blog":"","location":null,"email":null,"hireable":null,"bio":null,"twitter_username":null,"public_repos":9,"public_gists":0,"followers":0,"following":0,"created_at":"2019-11-25T14:43:14Z","updated_at":"2022-05-30T14:25:04Z","private_gists":0,"total_private_repos":17,"owned_private_repos":17,"disk_usage":81149,"collaborators":1,"two_factor_authentication":true,"plan":{"name":"free","space":976562499,"collaborators":0,"private_repos":10000}}
[info] 
[info] +  Success! Logged into GitHub as m-polverini 
[info] 
